0 info it worked if it ends with ok
1 verbose cli [ '/Users/Conmused/.nvm/versions/node/v5.1.1/bin/node',
1 verbose cli   '/Users/Conmused/.nvm/versions/node/v5.1.1/bin/npm',
1 verbose cli   'start' ]
2 info using npm@3.3.12
3 info using node@v5.1.1
4 verbose run-script [ 'prestart', 'start', 'poststart' ]
5 info lifecycle pokeinterval@1.0.0~prestart: pokeinterval@1.0.0
6 silly lifecycle pokeinterval@1.0.0~prestart: no script for prestart, continuing
7 info lifecycle pokeinterval@1.0.0~start: pokeinterval@1.0.0
8 verbose lifecycle pokeinterval@1.0.0~start: unsafe-perm in lifecycle true
9 verbose lifecycle pokeinterval@1.0.0~start: PATH: /Users/Conmused/.nvm/versions/node/v5.1.1/lib/node_modules/npm/bin/node-gyp-bin:/Users/Conmused/www/coffeescript/pokeInterval/node_modules/.bin:/Users/Conmused/.pyenv/plugins/pyenv-virtualenv/shims:/Users/Conmused/.pyenv/shims:/Users/Conmused/.pyenv/bin:/Library/Frameworks/Python.framework/Versions/2.7/bin:/Users/Conmused/.nvm/versions/node/v5.1.1/bin:/usr/local/openssl/bin:/usr/local/rbenv/bin:/Library/Frameworks/Python.framework/Versions/2.7/bin:/usr/local/openssl/bin:/usr/local/rbenv/bin:/Library/Frameworks/Python.framework/Versions/2.7/bin:/usr/local/openssl/bin:/usr/local/rbenv/shims:/usr/local/rbenv/bin:/usr/local/bin:/usr/bin:/bin:/usr/sbin:/sbin:/Users/Conmused/.gem/ruby/1.8/bin:/opt/nginx/sbin:/Users/Conmused/.gem/ruby/1.8/bin:/opt/nginx/sbin:/Users/Conmused/.gem/ruby/1.8/bin:/opt/nginx/sbin
10 verbose lifecycle pokeinterval@1.0.0~start: CWD: /Users/Conmused/www/coffeescript/pokeInterval
11 silly lifecycle pokeinterval@1.0.0~start: Args: [ '-c', 'node index.js' ]
12 silly lifecycle pokeinterval@1.0.0~start: Returned: code: 1  signal: null
13 info lifecycle pokeinterval@1.0.0~start: Failed to exec start script
14 verbose stack Error: pokeinterval@1.0.0 start: `node index.js`
14 verbose stack Exit status 1
14 verbose stack     at EventEmitter.<anonymous> (/Users/Conmused/.nvm/versions/node/v5.1.1/lib/node_modules/npm/lib/utils/lifecycle.js:232:16)
14 verbose stack     at emitTwo (events.js:87:13)
14 verbose stack     at EventEmitter.emit (events.js:172:7)
14 verbose stack     at ChildProcess.<anonymous> (/Users/Conmused/.nvm/versions/node/v5.1.1/lib/node_modules/npm/lib/utils/spawn.js:24:14)
14 verbose stack     at emitTwo (events.js:87:13)
14 verbose stack     at ChildProcess.emit (events.js:172:7)
14 verbose stack     at maybeClose (internal/child_process.js:818:16)
14 verbose stack     at Process.ChildProcess._handle.onexit (internal/child_process.js:211:5)
15 verbose pkgid pokeinterval@1.0.0
16 verbose cwd /Users/Conmused/www/coffeescript/pokeInterval
17 error Darwin 14.3.0
18 error argv "/Users/Conmused/.nvm/versions/node/v5.1.1/bin/node" "/Users/Conmused/.nvm/versions/node/v5.1.1/bin/npm" "start"
19 error node v5.1.1
20 error npm  v3.3.12
21 error code ELIFECYCLE
22 error pokeinterval@1.0.0 start: `node index.js`
22 error Exit status 1
23 error Failed at the pokeinterval@1.0.0 start script 'node index.js'.
23 error Make sure you have the latest version of node.js and npm installed.
23 error If you do, this is most likely a problem with the pokeinterval package,
23 error not with npm itself.
23 error Tell the author that this fails on your system:
23 error     node index.js
23 error You can get their info via:
23 error     npm owner ls pokeinterval
23 error There is likely additional logging output above.
24 verbose exit [ 1, true ]
